[Wed Jul 03 09:30:59.656900 2019] [php7:notice] [pid 4508:tid 1984] [client ::1:64145] PHP Notice:  Undefined index: form-email in C:\\Users\\356777\\Desktop\\Courses\\Web Dev\\Exercises\\DailyEx\\sendmail.php on line 9, referer: http://localhost:8080/register.php
[Wed Jul 03 10:46:47.010564 2019] [php7:crit] [pid 4508:tid 1988] [client ::1:64712] PHP Parse error:  syntax error, unexpected 'href' (T_STRING), expecting ',' or ';' in C:\\Users\\356777\\Desktop\\Courses\\Web Dev\\Exercises\\DailyEx\\links.php on line 8
[Wed Jul 03 10:54:15.819971 2019] [php7:crit] [pid 4508:tid 1984] [client ::1:64856] PHP Parse error:  syntax error, unexpected '/' in C:\\Users\\356777\\Desktop\\Courses\\Web Dev\\Exercises\\DailyEx\\links.php on line 19
[Wed Jul 03 10:54:24.918997 2019] [php7:crit] [pid 4508:tid 1988] [client ::1:64857] PHP Parse error:  syntax error, unexpected '/' in C:\\Users\\356777\\Desktop\\Courses\\Web Dev\\Exercises\\DailyEx\\links.php on line 19
[Wed Jul 03 12:01:13.123687 2019] [php7:crit] [pid 4508:tid 1984] [client ::1:65055] PHP Parse error:  syntax error, unexpected '/' in C:\\Users\\356777\\Desktop\\Courses\\Web Dev\\Exercises\\DailyEx\\links.php on line 20
[Wed Jul 03 12:04:36.425409 2019] [php7:error] [pid 4508:tid 1988] [client ::1:65082] script 'C:/Users/356777/Desktop/Courses/Web Dev/Exercises/DailyEx/page1.php' not found or unable to stat, referer: http://localhost:8080/links.php
[Wed Jul 03 12:07:01.498789 2019] [php7:error] [pid 4508:tid 1984] [client ::1:65113] script 'C:/Users/356777/Desktop/Courses/Web Dev/Exercises/DailyEx/page1.php' not found or unable to stat, referer: http://localhost:8080/links.php
[Wed Jul 03 12:07:03.738202 2019] [php7:error] [pid 4508:tid 1984] [client ::1:65113] script 'C:/Users/356777/Desktop/Courses/Web Dev/Exercises/DailyEx/page2.php' not found or unable to stat, referer: http://localhost:8080/links.php
[Wed Jul 03 12:07:08.756843 2019] [php7:error] [pid 4508:tid 1988] [client ::1:65114] script 'C:/Users/356777/Desktop/Courses/Web Dev/Exercises/DailyEx/page5.php' not found or unable to stat, referer: http://localhost:8080/links.php
[Wed Jul 03 12:07:11.059711 2019] [php7:error] [pid 4508:tid 1988] [client ::1:65114] script 'C:/Users/356777/Desktop/Courses/Web Dev/Exercises/DailyEx/page4.php' not found or unable to stat, referer: http://localhost:8080/links.php
[Wed Jul 03 12:07:13.869059 2019] [php7:error] [pid 4508:tid 1988] [client ::1:65114] script 'C:/Users/356777/Desktop/Courses/Web Dev/Exercises/DailyEx/page2.php' not found or unable to stat, referer: http://localhost:8080/links.php
[Wed Jul 03 12:07:16.091668 2019] [php7:error] [pid 4508:tid 1988] [client ::1:65114] script 'C:/Users/356777/Desktop/Courses/Web Dev/Exercises/DailyEx/page1.php' not found or unable to stat, referer: http://localhost:8080/links.php
[Wed Jul 03 12:07:26.556103 2019] [php7:error] [pid 4508:tid 1988] [client ::1:65116] script 'C:/Users/356777/Desktop/Courses/Web Dev/Exercises/DailyEx/page1.php' not found or unable to stat, referer: http://localhost:8080/links.php
[Wed Jul 03 12:07:28.380786 2019] [php7:error] [pid 4508:tid 1988] [client ::1:65116] script 'C:/Users/356777/Desktop/Courses/Web Dev/Exercises/DailyEx/page3.php' not found or unable to stat, referer: http://localhost:8080/links.php
[Wed Jul 03 12:07:30.059812 2019] [php7:error] [pid 4508:tid 1988] [client ::1:65116] script 'C:/Users/356777/Desktop/Courses/Web Dev/Exercises/DailyEx/page5.php' not found or unable to stat, referer: http://localhost:8080/links.php
[Wed Jul 03 12:07:32.114907 2019] [php7:error] [pid 4508:tid 1988] [client ::1:65116] script 'C:/Users/356777/Desktop/Courses/Web Dev/Exercises/DailyEx/page6.php' not found or unable to stat, referer: http://localhost:8080/links.php
[Wed Jul 03 12:08:33.372896 2019] [php7:error] [pid 4508:tid 1984] [client ::1:65119] script 'C:/Users/356777/Desktop/Courses/Web Dev/Exercises/DailyEx/page1.php' not found or unable to stat, referer: http://localhost:8080/links.php
[Wed Jul 03 12:13:58.022904 2019] [php7:crit] [pid 4508:tid 1988] [client ::1:65162] PHP Parse error:  syntax error, unexpected '"</a></td>"' (T_CONSTANT_ENCAPSED_STRING), expecting ',' or ';' in C:\\Users\\356777\\Desktop\\Courses\\Web Dev\\Exercises\\DailyEx\\links.php on line 19
[Thu Jul 04 09:40:27.199404 2019] [php7:warn] [pid 12640:tid 1948] [client ::1:59333] PHP Warning:  Use of undefined constant timezone - assumed 'timezone' (this will throw an Error in a future version of PHP) in C:\\Users\\356777\\Desktop\\Courses\\Web Dev\\Exercises\\DailyEx\\index.php on line 16
[Thu Jul 04 09:40:27.200402 2019] [php7:notice] [pid 12640:tid 1948] [client ::1:59333] PHP Notice:  date_default_timezone_set(): Timezone ID 'timezone' is invalid in C:\\Users\\356777\\Desktop\\Courses\\Web Dev\\Exercises\\DailyEx\\index.php on line 16
[Thu Jul 04 09:49:31.189106 2019] [php7:error] [pid 12640:tid 1956] [client ::1:59413] PHP Recoverable fatal error:  Object of class DateTimeZone could not be converted to string in C:\\Users\\356777\\Desktop\\Courses\\Web Dev\\Exercises\\DailyEx\\index.php on line 20
[Thu Jul 04 09:50:26.208401 2019] [php7:error] [pid 12640:tid 1948] [client ::1:59422] PHP Recoverable fatal error:  Object of class DateTimeZone could not be converted to string in C:\\Users\\356777\\Desktop\\Courses\\Web Dev\\Exercises\\DailyEx\\index.php on line 20
[Thu Jul 04 09:50:54.611049 2019] [php7:error] [pid 12640:tid 1956] [client ::1:59428] PHP Recoverable fatal error:  Object of class DateTime could not be converted to string in C:\\Users\\356777\\Desktop\\Courses\\Web Dev\\Exercises\\DailyEx\\index.php on line 23
[Thu Jul 04 09:52:04.939731 2019] [php7:error] [pid 12640:tid 1948] [client ::1:59437] PHP Recoverable fatal error:  Object of class DateTime could not be converted to string in C:\\Users\\356777\\Desktop\\Courses\\Web Dev\\Exercises\\DailyEx\\index.php on line 16
[Thu Jul 04 09:57:56.094608 2019] [php7:error] [pid 12640:tid 1956] [client ::1:59484] PHP Fatal error:  Uncaught TypeError: DateTime::__construct() expects parameter 2 to be DateTimeZone, int given in C:\\Users\\356777\\Desktop\\Courses\\Web Dev\\Exercises\\DailyEx\\index.php:14\nStack trace:\n#0 C:\\Users\\356777\\Desktop\\Courses\\Web Dev\\Exercises\\DailyEx\\index.php(14): DateTime->__construct('m/d/Y h:i:s a', 1562255876)\n#1 {main}\n  thrown in C:\\Users\\356777\\Desktop\\Courses\\Web Dev\\Exercises\\DailyEx\\index.php on line 14
[Thu Jul 04 09:58:16.631504 2019] [php7:error] [pid 12640:tid 1948] [client ::1:59490] PHP Fatal error:  Uncaught Exception: DateTime::__construct(): Failed to parse time string (m/d/Y h:i:s a) at position 1 (/): Unexpected character in C:\\Users\\356777\\Desktop\\Courses\\Web Dev\\Exercises\\DailyEx\\index.php:14\nStack trace:\n#0 C:\\Users\\356777\\Desktop\\Courses\\Web Dev\\Exercises\\DailyEx\\index.php(14): DateTime->__construct('m/d/Y h:i:s a')\n#1 {main}\n  thrown in C:\\Users\\356777\\Desktop\\Courses\\Web Dev\\Exercises\\DailyEx\\index.php on line 14
[Thu Jul 04 09:58:18.204148 2019] [php7:error] [pid 12640:tid 1948] [client ::1:59490] PHP Fatal error:  Uncaught Exception: DateTime::__construct(): Failed to parse time string (m/d/Y h:i:s a) at position 1 (/): Unexpected character in C:\\Users\\356777\\Desktop\\Courses\\Web Dev\\Exercises\\DailyEx\\index.php:14\nStack trace:\n#0 C:\\Users\\356777\\Desktop\\Courses\\Web Dev\\Exercises\\DailyEx\\index.php(14): DateTime->__construct('m/d/Y h:i:s a')\n#1 {main}\n  thrown in C:\\Users\\356777\\Desktop\\Courses\\Web Dev\\Exercises\\DailyEx\\index.php on line 14
[Thu Jul 04 10:06:50.883842 2019] [php7:notice] [pid 12640:tid 1956] [client ::1:59677] PHP Notice:  Undefined variable: timeZone in C:\\Users\\356777\\Desktop\\Courses\\Web Dev\\Exercises\\DailyEx\\index.php on line 20
[Thu Jul 04 10:40:48.589083 2019] [php7:crit] [pid 12640:tid 1948] [client ::1:60281] PHP Parse error:  syntax error, unexpected '<' in C:\\Users\\356777\\Desktop\\Courses\\Web Dev\\Exercises\\DailyEx\\links.php on line 15, referer: http://localhost:8080/
[Thu Jul 04 10:41:23.506447 2019] [php7:crit] [pid 12640:tid 1956] [client ::1:60290] PHP Parse error:  syntax error, unexpected '<' in C:\\Users\\356777\\Desktop\\Courses\\Web Dev\\Exercises\\DailyEx\\links.php on line 15, referer: http://localhost:8080/
[Thu Jul 04 10:42:55.135646 2019] [php7:crit] [pid 12640:tid 1948] [client ::1:60301] PHP Parse error:  syntax error, unexpected 'echo' (T_ECHO), expecting ',' or ';' in C:\\Users\\356777\\Desktop\\Courses\\Web Dev\\Exercises\\DailyEx\\links.php on line 16, referer: http://localhost:8080/
[Thu Jul 04 10:44:29.422456 2019] [php7:crit] [pid 12640:tid 1956] [client ::1:60311] PHP Parse error:  syntax error, unexpected 'echo' (T_ECHO), expecting ',' or ';' in C:\\Users\\356777\\Desktop\\Courses\\Web Dev\\Exercises\\DailyEx\\links.php on line 16, referer: http://localhost:8080/
[Thu Jul 04 10:44:30.447552 2019] [php7:crit] [pid 12640:tid 1956] [client ::1:60311] PHP Parse error:  syntax error, unexpected 'echo' (T_ECHO), expecting ',' or ';' in C:\\Users\\356777\\Desktop\\Courses\\Web Dev\\Exercises\\DailyEx\\links.php on line 16, referer: http://localhost:8080/
[Thu Jul 04 10:44:30.637777 2019] [php7:crit] [pid 12640:tid 1956] [client ::1:60311] PHP Parse error:  syntax error, unexpected 'echo' (T_ECHO), expecting ',' or ';' in C:\\Users\\356777\\Desktop\\Courses\\Web Dev\\Exercises\\DailyEx\\links.php on line 16, referer: http://localhost:8080/
[Thu Jul 04 10:44:30.871716 2019] [php7:crit] [pid 12640:tid 1956] [client ::1:60311] PHP Parse error:  syntax error, unexpected 'echo' (T_ECHO), expecting ',' or ';' in C:\\Users\\356777\\Desktop\\Courses\\Web Dev\\Exercises\\DailyEx\\links.php on line 16, referer: http://localhost:8080/
[Thu Jul 04 10:45:02.054949 2019] [php7:crit] [pid 12640:tid 1948] [client ::1:60315] PHP Parse error:  syntax error, unexpected '>' in C:\\Users\\356777\\Desktop\\Courses\\Web Dev\\Exercises\\DailyEx\\links.php on line 16, referer: http://localhost:8080/
[Thu Jul 04 10:45:17.013949 2019] [php7:crit] [pid 12640:tid 1956] [client ::1:60318] PHP Parse error:  syntax error, unexpected '>' in C:\\Users\\356777\\Desktop\\Courses\\Web Dev\\Exercises\\DailyEx\\links.php on line 16, referer: http://localhost:8080/
[Thu Jul 04 10:48:42.003131 2019] [php7:crit] [pid 12640:tid 1948] [client ::1:60446] PHP Parse error:  syntax error, unexpected 'echo' (T_ECHO), expecting ',' or ';' in C:\\Users\\356777\\Desktop\\Courses\\Web Dev\\Exercises\\DailyEx\\links.php on line 16, referer: http://localhost:8080/
[Thu Jul 04 10:49:28.326851 2019] [php7:crit] [pid 12640:tid 1956] [client ::1:60448] PHP Parse error:  syntax error, unexpected 'echo' (T_ECHO), expecting ',' or ';' in C:\\Users\\356777\\Desktop\\Courses\\Web Dev\\Exercises\\DailyEx\\links.php on line 16, referer: http://localhost:8080/
[Thu Jul 04 10:49:29.119126 2019] [php7:crit] [pid 12640:tid 1956] [client ::1:60448] PHP Parse error:  syntax error, unexpected 'echo' (T_ECHO), expecting ',' or ';' in C:\\Users\\356777\\Desktop\\Courses\\Web Dev\\Exercises\\DailyEx\\links.php on line 16, referer: http://localhost:8080/
[Thu Jul 04 10:49:29.347378 2019] [php7:crit] [pid 12640:tid 1956] [client ::1:60448] PHP Parse error:  syntax error, unexpected 'echo' (T_ECHO), expecting ',' or ';' in C:\\Users\\356777\\Desktop\\Courses\\Web Dev\\Exercises\\DailyEx\\links.php on line 16, referer: http://localhost:8080/
[Thu Jul 04 10:50:08.765536 2019] [php7:crit] [pid 12640:tid 1948] [client ::1:60452] PHP Parse error:  syntax error, unexpected 'endforeach' (T_ENDFOREACH), expecting ',' or ';' in C:\\Users\\356777\\Desktop\\Courses\\Web Dev\\Exercises\\DailyEx\\links.php on line 20, referer: http://localhost:8080/
[Thu Jul 04 10:50:25.330564 2019] [php7:crit] [pid 12640:tid 1956] [client ::1:60455] PHP Parse error:  syntax error, unexpected 'endforeach' (T_ENDFOREACH), expecting ',' or ';' in C:\\Users\\356777\\Desktop\\Courses\\Web Dev\\Exercises\\DailyEx\\links.php on line 20, referer: http://localhost:8080/
[Thu Jul 04 10:50:26.054285 2019] [php7:crit] [pid 12640:tid 1956] [client ::1:60455] PHP Parse error:  syntax error, unexpected 'endforeach' (T_ENDFOREACH), expecting ',' or ';' in C:\\Users\\356777\\Desktop\\Courses\\Web Dev\\Exercises\\DailyEx\\links.php on line 20, referer: http://localhost:8080/
[Thu Jul 04 10:51:50.332940 2019] [php7:crit] [pid 12640:tid 1948] [client ::1:60465] PHP Parse error:  syntax error, unexpected '}', expecting ',' or ';' in C:\\Users\\356777\\Desktop\\Courses\\Web Dev\\Exercises\\DailyEx\\links.php on line 20, referer: http://localhost:8080/
[Thu Jul 04 10:51:51.032767 2019] [php7:crit] [pid 12640:tid 1948] [client ::1:60465] PHP Parse error:  syntax error, unexpected '}', expecting ',' or ';' in C:\\Users\\356777\\Desktop\\Courses\\Web Dev\\Exercises\\DailyEx\\links.php on line 20, referer: http://localhost:8080/
[Thu Jul 04 10:51:51.323480 2019] [php7:crit] [pid 12640:tid 1948] [client ::1:60465] PHP Parse error:  syntax error, unexpected '}', expecting ',' or ';' in C:\\Users\\356777\\Desktop\\Courses\\Web Dev\\Exercises\\DailyEx\\links.php on line 20, referer: http://localhost:8080/
[Thu Jul 04 10:54:34.471731 2019] [php7:crit] [pid 12640:tid 1948] [client ::1:60483] PHP Parse error:  syntax error, unexpected 'echo' (T_ECHO), expecting ',' or ';' in C:\\Users\\356777\\Desktop\\Courses\\Web Dev\\Exercises\\DailyEx\\links.php on line 14, referer: http://localhost:8080/
[Thu Jul 04 10:55:20.727247 2019] [php7:crit] [pid 12640:tid 1956] [client ::1:60493] PHP Parse error:  syntax error, unexpected 'echo' (T_ECHO), expecting ',' or ';' in C:\\Users\\356777\\Desktop\\Courses\\Web Dev\\Exercises\\DailyEx\\links.php on line 14, referer: http://localhost:8080/
[Thu Jul 04 10:55:21.409302 2019] [php7:crit] [pid 12640:tid 1956] [client ::1:60493] PHP Parse error:  syntax error, unexpected 'echo' (T_ECHO), expecting ',' or ';' in C:\\Users\\356777\\Desktop\\Courses\\Web Dev\\Exercises\\DailyEx\\links.php on line 14, referer: http://localhost:8080/
[Thu Jul 04 10:55:21.612147 2019] [php7:crit] [pid 12640:tid 1956] [client ::1:60493] PHP Parse error:  syntax error, unexpected 'echo' (T_ECHO), expecting ',' or ';' in C:\\Users\\356777\\Desktop\\Courses\\Web Dev\\Exercises\\DailyEx\\links.php on line 14, referer: http://localhost:8080/
[Thu Jul 04 10:55:21.838257 2019] [php7:crit] [pid 12640:tid 1956] [client ::1:60493] PHP Parse error:  syntax error, unexpected 'echo' (T_ECHO), expecting ',' or ';' in C:\\Users\\356777\\Desktop\\Courses\\Web Dev\\Exercises\\DailyEx\\links.php on line 14, referer: http://localhost:8080/
[Thu Jul 04 11:01:51.356312 2019] [php7:crit] [pid 12640:tid 1948] [client ::1:60685] PHP Parse error:  syntax error, unexpected 'col' (T_STRING), expecting ',' or ';' in C:\\Users\\356777\\Desktop\\Courses\\Web Dev\\Exercises\\DailyEx\\links.php on line 15, referer: http://localhost:8080/
[Thu Jul 04 11:02:18.178558 2019] [php7:crit] [pid 12640:tid 1948] [client ::1:60699] PHP Parse error:  syntax error, unexpected ''col-4'' (T_CONSTANT_ENCAPSED_STRING), expecting ',' or ';' in C:\\Users\\356777\\Desktop\\Courses\\Web Dev\\Exercises\\DailyEx\\links.php on line 15, referer: http://localhost:8080/
